Using pre-set license
Built from '2020.3/staging' branch; Version is '2020.3.18f1 (a7d1c678663c) revision 10998214'; Using compiler version '192528614'; Build Type 'Release'
OS: 'Windows 10 Pro; OS build 19043.1288; Version 2009; 64bit' Language: 'pt' Physical Memory: 32697 MB
BatchMode: 1, IsHumanControllingUs: 0, StartBugReporterOnCrash: 0, Is64bit: 1, IsPro: 0

COMMAND LINE ARGUMENTS:
C:\Program Files\Unity\Hub\Editor\2020.3.18f1\Editor\Unity.exe
-adb2
-batchMode
-noUpm
-name
AssetImportWorker0
-projectPath
C:/Users/pedro/workspace/Unity/game-3D
-logFile
Logs/AssetImportWorker0.log
-srvPort
64337
Successfully changed project path to: C:/Users/pedro/workspace/Unity/game-3D
C:/Users/pedro/workspace/Unity/game-3D
Using Asset Import Pipeline V2.
Refreshing native plugins compatible for Editor in 39.49 ms, found 2 plugins.
Preloading 0 native plugins for Editor in 0.00 ms.
Initialize engine version: 2020.3.18f1 (a7d1c678663c)
[Subsystems] Discovering subsystems at path C:/Program Files/Unity/Hub/Editor/2020.3.18f1/Editor/Data/Resources/UnitySubsystems
[Subsystems] Discovering subsystems at path C:/Users/pedro/workspace/Unity/game-3D/Assets
GfxDevice: creating device client; threaded=0
Direct3D:
    Version:  Direct3D 11.0 [level 11.1]
    Renderer: NVIDIA GeForce RTX 3070 (ID=0x2484)
    Vendor:   
    VRAM:     8043 MB
    Driver:   30.0.14.7141
Initialize mono
Mono path[0] = 'C:/Program Files/Unity/Hub/Editor/2020.3.18f1/Editor/Data/Managed'
Mono path[1] = 'C:/Program Files/Unity/Hub/Editor/2020.3.18f1/Editor/Data/MonoBleedingEdge/lib/mono/unityjit'
Mono config path = 'C:/Program Files/Unity/Hub/Editor/2020.3.18f1/Editor/Data/MonoBleedingEdge/etc'
Using monoOptions --debugger-agent=transport=dt_socket,embedding=1,server=y,suspend=n,address=127.0.0.1:56284
Begin MonoManager ReloadAssembly
Registering precompiled unity dll's ...
Register platform support module: C:/Program Files/Unity/Hub/Editor/2020.3.18f1/Editor/Data/PlaybackEngines/WindowsStandaloneSupport/UnityEditor.WindowsStandalone.Extensions.dll
Registered in 0.001720 seconds.
Native extension for WindowsStandalone target not found
Refreshing native plugins compatible for Editor in 36.32 ms, found 2 plugins.
Preloading 0 native plugins for Editor in 0.00 ms.
Mono: successfully reloaded assembly
- Completed reload, in  1.543 seconds
Domain Reload Profiling:
	ReloadAssembly (1543ms)
		BeginReloadAssembly (46ms)
			ExecutionOrderSort (0ms)
			DisableScriptedObjects (0ms)
			BackupInstance (0ms)
			ReleaseScriptingObjects (0ms)
			CreateAndSetChildDomain (1ms)
		EndReloadAssembly (362ms)
			LoadAssemblies (44ms)
			RebuildTransferFunctionScriptingTraits (0ms)
			SetupTypeCache (131ms)
			ReleaseScriptCaches (0ms)
			RebuildScriptCaches (27ms)
			SetupLoadedEditorAssemblies (145ms)
				LogAssemblyErrors (0ms)
				InitializePlatformSupportModulesInManaged (3ms)
				SetLoadedEditorAssemblies (0ms)
				RefreshPlugins (36ms)
				BeforeProcessingInitializeOnLoad (14ms)
				ProcessInitializeOnLoadAttributes (67ms)
				ProcessInitializeOnLoadMethodAttributes (24ms)
				AfterProcessingInitializeOnLoad (0ms)
				EditorAssembliesLoaded (0ms)
			ExecutionOrderSort2 (0ms)
			AwakeInstancesAfterBackupRestoration (0ms)
Platform modules already initialized, skipping
Registering precompiled user dll's ...
Registered in 0.002537 seconds.
Begin MonoManager ReloadAssembly
Native extension for WindowsStandalone target not found
Refreshing native plugins compatible for Editor in 0.41 ms, found 2 plugins.
Preloading 0 native plugins for Editor in 0.00 ms.
Mono: successfully reloaded assembly
- Completed reload, in  0.905 seconds
Domain Reload Profiling:
	ReloadAssembly (906ms)
		BeginReloadAssembly (123ms)
			ExecutionOrderSort (0ms)
			DisableScriptedObjects (4ms)
			BackupInstance (0ms)
			ReleaseScriptingObjects (0ms)
			CreateAndSetChildDomain (15ms)
		EndReloadAssembly (730ms)
			LoadAssemblies (72ms)
			RebuildTransferFunctionScriptingTraits (0ms)
			SetupTypeCache (252ms)
			ReleaseScriptCaches (0ms)
			RebuildScriptCaches (41ms)
			SetupLoadedEditorAssemblies (280ms)
				LogAssemblyErrors (0ms)
				InitializePlatformSupportModulesInManaged (4ms)
				SetLoadedEditorAssemblies (0ms)
				RefreshPlugins (0ms)
				BeforeProcessingInitializeOnLoad (74ms)
				ProcessInitializeOnLoadAttributes (191ms)
				ProcessInitializeOnLoadMethodAttributes (4ms)
				AfterProcessingInitializeOnLoad (6ms)
				EditorAssembliesLoaded (0ms)
			ExecutionOrderSort2 (0ms)
			AwakeInstancesAfterBackupRestoration (6ms)
Platform modules already initialized, skipping
========================================================================
Worker process is ready to serve import requests
Launched and connected shader compiler UnityShaderCompiler.exe after 0.25 seconds
Refreshing native plugins compatible for Editor in 0.43 ms, found 2 plugins.
Preloading 0 native plugins for Editor in 0.00 ms.
Unloading 1889 Unused Serialized files (Serialized files now loaded: 0)
System memory in use before: 99.6 MB.
System memory in use after: 99.3 MB.

Unloading 17 unused Assets to reduce memory usage. Loaded Objects now: 2343.
Total: 2.875100 ms (FindLiveObjects: 0.207700 ms CreateObjectMapping: 0.063300 ms MarkObjects: 2.291100 ms  DeleteObjects: 0.312100 ms)

AssetImportParameters requested are different than current active one (requested -> active):
  custom:framework-win-MediaFoundation: 216162199b28c13a410421893ffa2e32 -> 
  custom:video-decoder-ogg-theora: a1e56fd34408186e4bbccfd4996cb3dc -> 
  custom:container-muxer-webm: aa71ff27fc2769a1b78a27578f13a17b -> 
  custom:container-demuxer-webm: 4f35f7cbe854078d1ac9338744f61a02 -> 
  custom:container-demuxer-ogg: 62fdf1f143b41e24485cea50d1cbac27 -> 
  custom:video-encoder-webm-vp8: eb34c28f22e8b96e1ab97ce403110664 -> 
  custom:video-codec-MediaFoundation-h265: 746d11721c4dcdbdad8f713fa42b33f4 -> 
  custom:video-decoder-webm-vp8: 9c59270c3fd7afecdb556c50c9e8de78 -> 
  custom:audio-decoder-ogg-vorbis: bf7c407c2cedff20999df2af8eb42d56 -> 
  custom:audio-encoder-webm-vorbis: bf7c407c2cedff20999df2af8eb42d56 -> 
========================================================================
Received Import Request.
  path: Assets/Materials
  artifactKey: Guid(b9bb3f7fca8685a4abe0a54deb209860) Importer(815301076,1909f56bfc062723c751e8b465ee728b)
Start importing Assets/Materials using Guid(b9bb3f7fca8685a4abe0a54deb209860) Importer(815301076,1909f56bfc062723c751e8b465ee728b)  -> (artifact id: '23fa9495847c31a81ef89a50234229ff') in 0.007582 seconds 
  Import took 0.009972 seconds .

========================================================================
Received Import Request.
  Time since last request: 18.355210 seconds.
  path: Assets/Materials/parede-branca.mat
  artifactKey: Guid(5f0c4ecddada88246a3e7e29c7201a8d) Importer(815301076,1909f56bfc062723c751e8b465ee728b)
Start importing Assets/Materials/parede-branca.mat using Guid(5f0c4ecddada88246a3e7e29c7201a8d) Importer(815301076,1909f56bfc062723c751e8b465ee728b)  -> (artifact id: 'c24485318a15e1a8d0a4c6787ab96d2a') in 0.082955 seconds 
  Import took 0.085576 seconds .

========================================================================
Received Import Request.
  Time since last request: 64.375622 seconds.
  path: Assets/Materials/parede1.jpg
  artifactKey: Guid(dfadca0528133bf4cb9a65eea8e84297) Importer(815301076,1909f56bfc062723c751e8b465ee728b)
Start importing Assets/Materials/parede1.jpg using Guid(dfadca0528133bf4cb9a65eea8e84297) Importer(815301076,1909f56bfc062723c751e8b465ee728b)  -> (artifact id: 'cb29c00529219d7099381ece0cd63926') in 0.019006 seconds 
  Import took 0.021853 seconds .

========================================================================
Received Import Request.
  Time since last request: 51.523375 seconds.
  path: Assets/Tiling Material Pack_Free/Materials/Wall/Wall_002/Wall_002_Material.mat
  artifactKey: Guid(c027d393d0aff874db79999b135667c3) Importer(815301076,1909f56bfc062723c751e8b465ee728b)
Start importing Assets/Tiling Material Pack_Free/Materials/Wall/Wall_002/Wall_002_Material.mat using Guid(c027d393d0aff874db79999b135667c3) Importer(815301076,1909f56bfc062723c751e8b465ee728b)  -> (artifact id: 'c0c06cd734a01da4572cd4a3c5d13f8c') in 0.018738 seconds 
  Import took 0.021675 seconds .

========================================================================
Received Import Request.
  Time since last request: 0.001724 seconds.
  path: Assets/Tiling Material Pack_Free/Materials/Wall/Wall_002/Wall_002_Material.mat
  artifactKey: Guid(c027d393d0aff874db79999b135667c3) Importer(815301076,1909f56bfc062723c751e8b465ee728b)
Start importing Assets/Tiling Material Pack_Free/Materials/Wall/Wall_002/Wall_002_Material.mat using Guid(c027d393d0aff874db79999b135667c3) Importer(815301076,1909f56bfc062723c751e8b465ee728b)  -> (artifact id: 'c0c06cd734a01da4572cd4a3c5d13f8c') in 0.010732 seconds 
  Import took 0.013873 seconds .

========================================================================
Received Import Request.
  Time since last request: 10.679989 seconds.
  path: Assets/SampleScenes/Materials/TurquoiseSmooth.mat
  artifactKey: Guid(735665606fda0c14cb12bc536aa26dc7) Importer(815301076,1909f56bfc062723c751e8b465ee728b)
Start importing Assets/SampleScenes/Materials/TurquoiseSmooth.mat using Guid(735665606fda0c14cb12bc536aa26dc7) Importer(815301076,1909f56bfc062723c751e8b465ee728b)  -> (artifact id: 'c878153dbab240fe3a42177f867ba7c0') in 0.014159 seconds 
  Import took 0.016994 seconds .

========================================================================
Received Import Request.
  Time since last request: 0.005828 seconds.
  path: Assets/SampleScenes/Materials/TurquoiseSmooth.mat
  artifactKey: Guid(735665606fda0c14cb12bc536aa26dc7) Importer(815301076,1909f56bfc062723c751e8b465ee728b)
Start importing Assets/SampleScenes/Materials/TurquoiseSmooth.mat using Guid(735665606fda0c14cb12bc536aa26dc7) Importer(815301076,1909f56bfc062723c751e8b465ee728b)  -> (artifact id: 'c878153dbab240fe3a42177f867ba7c0') in 0.009344 seconds 
  Import took 0.012068 seconds .

========================================================================
Received Import Request.
  Time since last request: 140.708421 seconds.
  path: Assets/Materials/parede1.jpg
  artifactKey: Guid(dfadca0528133bf4cb9a65eea8e84297) Importer(815301076,1909f56bfc062723c751e8b465ee728b)
Start importing Assets/Materials/parede1.jpg using Guid(dfadca0528133bf4cb9a65eea8e84297) Importer(815301076,1909f56bfc062723c751e8b465ee728b)  -> (artifact id: '0feaf7f605e1eb79540068c6bb60747f') in 0.011568 seconds 
  Import took 0.014576 seconds .

========================================================================
Received Prepare
Registering precompiled user dll's ...
Registered in 0.002406 seconds.
Begin MonoManager ReloadAssembly
Native extension for WindowsStandalone target not found
Refreshing native plugins compatible for Editor in 0.41 ms, found 2 plugins.
Preloading 0 native plugins for Editor in 0.00 ms.
Mono: successfully reloaded assembly
- Completed reload, in  0.868 seconds
Domain Reload Profiling:
	ReloadAssembly (868ms)
		BeginReloadAssembly (115ms)
			ExecutionOrderSort (0ms)
			DisableScriptedObjects (3ms)
			BackupInstance (0ms)
			ReleaseScriptingObjects (0ms)
			CreateAndSetChildDomain (31ms)
		EndReloadAssembly (695ms)
			LoadAssemblies (76ms)
			RebuildTransferFunctionScriptingTraits (0ms)
			SetupTypeCache (241ms)
			ReleaseScriptCaches (1ms)
			RebuildScriptCaches (34ms)
			SetupLoadedEditorAssemblies (259ms)
				LogAssemblyErrors (0ms)
				InitializePlatformSupportModulesInManaged (4ms)
				SetLoadedEditorAssemblies (0ms)
				RefreshPlugins (0ms)
				BeforeProcessingInitializeOnLoad (67ms)
				ProcessInitializeOnLoadAttributes (176ms)
				ProcessInitializeOnLoadMethodAttributes (4ms)
				AfterProcessingInitializeOnLoad (6ms)
				EditorAssembliesLoaded (0ms)
			ExecutionOrderSort2 (0ms)
			AwakeInstancesAfterBackupRestoration (6ms)
Platform modules already initialized, skipping
Refreshing native plugins compatible for Editor in 0.42 ms, found 2 plugins.
Preloading 0 native plugins for Editor in 0.00 ms.
Unloading 1839 Unused Serialized files (Serialized files now loaded: 0)
System memory in use before: 98.3 MB.
System memory in use after: 98.1 MB.

Unloading 12 unused Assets to reduce memory usage. Loaded Objects now: 2387.
Total: 2.837700 ms (FindLiveObjects: 0.183400 ms CreateObjectMapping: 0.061700 ms MarkObjects: 2.302600 ms  DeleteObjects: 0.289000 ms)

AssetImportParameters requested are different than current active one (requested -> active):
  custom:framework-win-MediaFoundation: 216162199b28c13a410421893ffa2e32 -> 
  custom:video-decoder-ogg-theora: a1e56fd34408186e4bbccfd4996cb3dc -> 
  custom:container-muxer-webm: aa71ff27fc2769a1b78a27578f13a17b -> 
  custom:container-demuxer-webm: 4f35f7cbe854078d1ac9338744f61a02 -> 
  custom:container-demuxer-ogg: 62fdf1f143b41e24485cea50d1cbac27 -> 
  custom:video-encoder-webm-vp8: eb34c28f22e8b96e1ab97ce403110664 -> 
  custom:video-codec-MediaFoundation-h265: 746d11721c4dcdbdad8f713fa42b33f4 -> 
  custom:video-decoder-webm-vp8: 9c59270c3fd7afecdb556c50c9e8de78 -> 
  custom:audio-decoder-ogg-vorbis: bf7c407c2cedff20999df2af8eb42d56 -> 
  custom:audio-encoder-webm-vorbis: bf7c407c2cedff20999df2af8eb42d56 -> 
========================================================================
Received Import Request.
  Time since last request: 133.539535 seconds.
  path: Assets/Materials/parede1.jpg
  artifactKey: Guid(dfadca0528133bf4cb9a65eea8e84297) Importer(815301076,1909f56bfc062723c751e8b465ee728b)
Start importing Assets/Materials/parede1.jpg using Guid(dfadca0528133bf4cb9a65eea8e84297) Importer(815301076,1909f56bfc062723c751e8b465ee728b)  -> (artifact id: '6d842dc588c41cffb8902ba2c43737a5') in 0.035448 seconds 
  Import took 0.038343 seconds .

========================================================================
Received Import Request.
  Time since last request: 129.679036 seconds.
  path: Assets/Standard Assets/Vehicles/Aircraft/Textures/AircraftWingsJetNormals.png
  artifactKey: Guid(f7c27487b4792e640b8816a7e0e2f5dd) Importer(815301076,1909f56bfc062723c751e8b465ee728b)
Start importing Assets/Standard Assets/Vehicles/Aircraft/Textures/AircraftWingsJetNormals.png using Guid(f7c27487b4792e640b8816a7e0e2f5dd) Importer(815301076,1909f56bfc062723c751e8b465ee728b)  -> (artifact id: '707adce3e90776ef8b644ff740adad0a') in 0.051832 seconds 
  Import took 0.055901 seconds .

========================================================================
Received Import Request.
  Time since last request: 0.000143 seconds.
  path: Assets/Standard Assets/Vehicles/Aircraft/Textures/AircraftWingsJetOcclusion.png
  artifactKey: Guid(a2203213fc4dd244e90e1e9d1862c097) Importer(815301076,1909f56bfc062723c751e8b465ee728b)
Start importing Assets/Standard Assets/Vehicles/Aircraft/Textures/AircraftWingsJetOcclusion.png using Guid(a2203213fc4dd244e90e1e9d1862c097) Importer(815301076,1909f56bfc062723c751e8b465ee728b)  -> (artifact id: '06eb7bd5ed248edd570ed17d6124896a') in 0.019533 seconds 
  Import took 0.022202 seconds .

========================================================================
Received Import Request.
  Time since last request: 0.875270 seconds.
  path: Assets/Standard Assets/Vehicles/Aircraft/Textures/AircraftWingsPropellerNormals.png
  artifactKey: Guid(5b834380674bf7e48ade2f253138543f) Importer(815301076,1909f56bfc062723c751e8b465ee728b)
Start importing Assets/Standard Assets/Vehicles/Aircraft/Textures/AircraftWingsPropellerNormals.png using Guid(5b834380674bf7e48ade2f253138543f) Importer(815301076,1909f56bfc062723c751e8b465ee728b)  -> (artifact id: 'de620e3c97ab99dcb2f2e9cf186d5e79') in 0.027709 seconds 
  Import took 0.032946 seconds .

========================================================================
Received Import Request.
  Time since last request: 0.000144 seconds.
  path: Assets/Standard Assets/Vehicles/Aircraft/Textures/AircraftWingsPropellerOcclusion.png
  artifactKey: Guid(0ad6f20f99271564d93962d2b51bf9b0) Importer(815301076,1909f56bfc062723c751e8b465ee728b)
Start importing Assets/Standard Assets/Vehicles/Aircraft/Textures/AircraftWingsPropellerOcclusion.png using Guid(0ad6f20f99271564d93962d2b51bf9b0) Importer(815301076,1909f56bfc062723c751e8b465ee728b)  -> (artifact id: 'a69497c8fc239f4407f7ba289d894ecc') in 0.012216 seconds 
  Import took 0.014699 seconds .

========================================================================
Received Import Request.
  Time since last request: 3.176691 seconds.
  path: Assets/SampleScenes/Textures/SwatchMauveAlbedo.png
  artifactKey: Guid(27c9d88e434ddf14aab2263729d96588) Importer(815301076,1909f56bfc062723c751e8b465ee728b)
Start importing Assets/SampleScenes/Textures/SwatchMauveAlbedo.png using Guid(27c9d88e434ddf14aab2263729d96588) Importer(815301076,1909f56bfc062723c751e8b465ee728b)  -> (artifact id: '50df932fbc8c3884faf9320dcc656de5') in 0.010602 seconds 
  Import took 0.013963 seconds .

========================================================================
Received Import Request.
  Time since last request: 0.000250 seconds.
  path: Assets/SampleScenes/Textures/SwatchOrangeAlbedo.png
  artifactKey: Guid(1b0dbc8d052d0ee45a5fa08650d0bf16) Importer(815301076,1909f56bfc062723c751e8b465ee728b)
Start importing Assets/SampleScenes/Textures/SwatchOrangeAlbedo.png using Guid(1b0dbc8d052d0ee45a5fa08650d0bf16) Importer(815301076,1909f56bfc062723c751e8b465ee728b)  -> (artifact id: 'fd362232c420421e3429fee107dd65e9') in 0.008220 seconds 
  Import took 0.011201 seconds .

========================================================================
Received Import Request.
  Time since last request: 0.000233 seconds.
  path: Assets/SampleScenes/Textures/SwatchNavyAlbedo.png
  artifactKey: Guid(ee5f9bf88befa4e4eb6ac1d74dae4051) Importer(815301076,1909f56bfc062723c751e8b465ee728b)
Start importing Assets/SampleScenes/Textures/SwatchNavyAlbedo.png using Guid(ee5f9bf88befa4e4eb6ac1d74dae4051) Importer(815301076,1909f56bfc062723c751e8b465ee728b)  -> (artifact id: '9885135d414c01a35e46844bc2ee0dab') in 0.008209 seconds 
  Import took 0.010727 seconds .

========================================================================
Received Import Request.
  Time since last request: 0.000167 seconds.
  path: Assets/SampleScenes/Textures/SwatchPinkAlbedo.png
  artifactKey: Guid(e573d986e51134d48b79cf2761ab65b4) Importer(815301076,1909f56bfc062723c751e8b465ee728b)
Start importing Assets/SampleScenes/Textures/SwatchPinkAlbedo.png using Guid(e573d986e51134d48b79cf2761ab65b4) Importer(815301076,1909f56bfc062723c751e8b465ee728b)  -> (artifact id: '72961f9910e9ba76c708bf9f136907f9') in 0.008092 seconds 
  Import took 0.010794 seconds .

========================================================================
Received Import Request.
  Time since last request: 0.000245 seconds.
  path: Assets/SampleScenes/Textures/SwatchNavyDarkAlbedo.png
  artifactKey: Guid(b64756a3fbf7f7e42b02aa3aa8669374) Importer(815301076,1909f56bfc062723c751e8b465ee728b)
Start importing Assets/SampleScenes/Textures/SwatchNavyDarkAlbedo.png using Guid(b64756a3fbf7f7e42b02aa3aa8669374) Importer(815301076,1909f56bfc062723c751e8b465ee728b)  -> (artifact id: '905fd8dd7175103b79afdfc0c9663089') in 0.007860 seconds 
  Import took 0.010593 seconds .

========================================================================
Received Import Request.
  Time since last request: 125.890725 seconds.
  path: Assets/Materials/parede1.jpg
  artifactKey: Guid(dfadca0528133bf4cb9a65eea8e84297) Importer(815301076,1909f56bfc062723c751e8b465ee728b)
Start importing Assets/Materials/parede1.jpg using Guid(dfadca0528133bf4cb9a65eea8e84297) Importer(815301076,1909f56bfc062723c751e8b465ee728b)  -> (artifact id: '507402a905727ce5748be65c20574acb') in 0.008800 seconds 
  Import took 0.011856 seconds .

========================================================================
Received Import Request.
  Time since last request: 4.883551 seconds.
  path: Assets/Standard Assets/Environment/SpeedTree/Palm/Thumb_Palm_Desktop.jpg
  artifactKey: Guid(a6e42589b1029ec4d962f422f92e554a) Importer(815301076,1909f56bfc062723c751e8b465ee728b)
Start importing Assets/Standard Assets/Environment/SpeedTree/Palm/Thumb_Palm_Desktop.jpg using Guid(a6e42589b1029ec4d962f422f92e554a) Importer(815301076,1909f56bfc062723c751e8b465ee728b)  -> (artifact id: 'd2e938e2a6b8ee5b6e8e0038f12f5c73') in 0.010339 seconds 
  Import took 0.013439 seconds .

========================================================================
Received Import Request.
  Time since last request: 0.000270 seconds.
  path: Assets/Standard Assets/CrossPlatformInput/Sprites/TouchpadSprite.png
  artifactKey: Guid(e4f1fee3de32377429fd1348fae62b10) Importer(815301076,1909f56bfc062723c751e8b465ee728b)
Start importing Assets/Standard Assets/CrossPlatformInput/Sprites/TouchpadSprite.png using Guid(e4f1fee3de32377429fd1348fae62b10) Importer(815301076,1909f56bfc062723c751e8b465ee728b)  -> (artifact id: 'be9bc45d5f7f0bb6dd26a98ef9056240') in 0.022001 seconds 
  Import took 0.024857 seconds .

========================================================================
Received Import Request.
  Time since last request: 0.000213 seconds.
  path: Assets/Standard Assets/Environment/SpeedTree/Palm/Thumb_Palm_Desktop.jpg
  artifactKey: Guid(a6e42589b1029ec4d962f422f92e554a) Importer(815301076,1909f56bfc062723c751e8b465ee728b)
Start importing Assets/Standard Assets/Environment/SpeedTree/Palm/Thumb_Palm_Desktop.jpg using Guid(a6e42589b1029ec4d962f422f92e554a) Importer(815301076,1909f56bfc062723c751e8b465ee728b)  -> (artifact id: 'd2e938e2a6b8ee5b6e8e0038f12f5c73') in 0.008406 seconds 
  Import took 0.011609 seconds .

========================================================================
Received Import Request.
  Time since last request: 0.000132 seconds.
  path: Assets/Standard Assets/CrossPlatformInput/Sprites/TouchpadSprite.png
  artifactKey: Guid(e4f1fee3de32377429fd1348fae62b10) Importer(815301076,1909f56bfc062723c751e8b465ee728b)
Start importing Assets/Standard Assets/CrossPlatformInput/Sprites/TouchpadSprite.png using Guid(e4f1fee3de32377429fd1348fae62b10) Importer(815301076,1909f56bfc062723c751e8b465ee728b)  -> (artifact id: 'be9bc45d5f7f0bb6dd26a98ef9056240') in 0.006742 seconds 
  Import took 0.009348 seconds .

========================================================================
Received Import Request.
  Time since last request: 93.915936 seconds.
  path: Assets/Materials/parede1.jpg
  artifactKey: Guid(dfadca0528133bf4cb9a65eea8e84297) Importer(815301076,1909f56bfc062723c751e8b465ee728b)
Start importing Assets/Materials/parede1.jpg using Guid(dfadca0528133bf4cb9a65eea8e84297) Importer(815301076,1909f56bfc062723c751e8b465ee728b)  -> (artifact id: 'd35fb3d451d91f3668a64adb75d2b095') in 0.009054 seconds 
  Import took 0.011937 seconds .

========================================================================
Received Import Request.
  Time since last request: 0.002507 seconds.
  path: Assets/Materials/parede1.jpg
  artifactKey: Guid(dfadca0528133bf4cb9a65eea8e84297) Importer(815301076,1909f56bfc062723c751e8b465ee728b)
Start importing Assets/Materials/parede1.jpg using Guid(dfadca0528133bf4cb9a65eea8e84297) Importer(815301076,1909f56bfc062723c751e8b465ee728b)  -> (artifact id: 'd35fb3d451d91f3668a64adb75d2b095') in 0.008813 seconds 
  Import took 0.011514 seconds .

========================================================================
Received Import Request.
  Time since last request: 102.318448 seconds.
  path: Assets/Materials/parede1 1.jpg
  artifactKey: Guid(5d114c16885619647961a92d14686f29) Importer(815301076,1909f56bfc062723c751e8b465ee728b)
Start importing Assets/Materials/parede1 1.jpg using Guid(5d114c16885619647961a92d14686f29) Importer(815301076,1909f56bfc062723c751e8b465ee728b)  -> (artifact id: '9dddb9f12002ebe07e9ff4553fb28de7') in 0.009844 seconds 
  Import took 0.012691 seconds .

========================================================================
Received Import Request.
  Time since last request: 10.516935 seconds.
  path: Assets/Materials/parede1.jpg
  artifactKey: Guid(dfadca0528133bf4cb9a65eea8e84297) Importer(815301076,1909f56bfc062723c751e8b465ee728b)
Start importing Assets/Materials/parede1.jpg using Guid(dfadca0528133bf4cb9a65eea8e84297) Importer(815301076,1909f56bfc062723c751e8b465ee728b)  -> (artifact id: '3dae6a4a825b46fcf890df136cba4524') in 0.008894 seconds 
  Import took 0.011650 seconds .

========================================================================
Received Import Request.
  Time since last request: 160.969892 seconds.
  path: Assets/Tiling Material Pack_Free/Materials/Rock/Rock_003/Rock_003_Material.mat
  artifactKey: Guid(68ff029d8d337a141bf0fc6e02389478) Importer(815301076,1909f56bfc062723c751e8b465ee728b)
Start importing Assets/Tiling Material Pack_Free/Materials/Rock/Rock_003/Rock_003_Material.mat using Guid(68ff029d8d337a141bf0fc6e02389478) Importer(815301076,1909f56bfc062723c751e8b465ee728b)  -> (artifact id: '23df975ebbabc349aef0d62d54b223b9') in 0.050377 seconds 
  Import took 0.053183 seconds .

========================================================================
Received Import Request.
  Time since last request: 0.000142 seconds.
  path: Assets/Tiling Material Pack_Free/Materials/Rock/Rock_020/Rock_020_Material.mat
  artifactKey: Guid(8ffb1632089cdbf41a583dd9b7cc73f2) Importer(815301076,1909f56bfc062723c751e8b465ee728b)
Start importing Assets/Tiling Material Pack_Free/Materials/Rock/Rock_020/Rock_020_Material.mat using Guid(8ffb1632089cdbf41a583dd9b7cc73f2) Importer(815301076,1909f56bfc062723c751e8b465ee728b)  -> (artifact id: 'd1f97cc87a38ab6b4d4e91c607d7e5f3') in 0.035381 seconds 
  Import took 0.038001 seconds .

========================================================================
Received Import Request.
  Time since last request: 0.000143 seconds.
  path: Assets/Tiling Material Pack_Free/Materials/Rock/Rock_003/Rock_003_Material.mat
  artifactKey: Guid(68ff029d8d337a141bf0fc6e02389478) Importer(815301076,1909f56bfc062723c751e8b465ee728b)
Start importing Assets/Tiling Material Pack_Free/Materials/Rock/Rock_003/Rock_003_Material.mat using Guid(68ff029d8d337a141bf0fc6e02389478) Importer(815301076,1909f56bfc062723c751e8b465ee728b)  -> (artifact id: '23df975ebbabc349aef0d62d54b223b9') in 0.011129 seconds 
  Import took 0.013997 seconds .

========================================================================
Received Import Request.
  Time since last request: 60.726351 seconds.
  path: Assets/Modelos/teen1/Materials/teen1_packed0_diffuse.mat
  artifactKey: Guid(0ce37422503838b40a0f77b1d0114b8e) Importer(815301076,1909f56bfc062723c751e8b465ee728b)
Start importing Assets/Modelos/teen1/Materials/teen1_packed0_diffuse.mat using Guid(0ce37422503838b40a0f77b1d0114b8e) Importer(815301076,1909f56bfc062723c751e8b465ee728b)  -> (artifact id: '4ee7f0866b5f7f33b3ff8a0d7f0280ee') in 0.013914 seconds 
  Import took 0.016735 seconds .

========================================================================
Received Prepare
Registering precompiled user dll's ...
Registered in 0.002356 seconds.
Begin MonoManager ReloadAssembly
Native extension for WindowsStandalone target not found
Refreshing native plugins compatible for Editor in 0.42 ms, found 2 plugins.
Preloading 0 native plugins for Editor in 0.00 ms.
Mono: successfully reloaded assembly
- Completed reload, in  0.853 seconds
Domain Reload Profiling:
	ReloadAssembly (854ms)
		BeginReloadAssembly (108ms)
			ExecutionOrderSort (0ms)
			DisableScriptedObjects (3ms)
			BackupInstance (0ms)
			ReleaseScriptingObjects (0ms)
			CreateAndSetChildDomain (29ms)
		EndReloadAssembly (690ms)
			LoadAssemblies (77ms)
			RebuildTransferFunctionScriptingTraits (0ms)
			SetupTypeCache (243ms)
			ReleaseScriptCaches (1ms)
			RebuildScriptCaches (35ms)
			SetupLoadedEditorAssemblies (251ms)
				LogAssemblyErrors (0ms)
				InitializePlatformSupportModulesInManaged (4ms)
				SetLoadedEditorAssemblies (0ms)
				RefreshPlugins (0ms)
				BeforeProcessingInitializeOnLoad (66ms)
				ProcessInitializeOnLoadAttributes (171ms)
				ProcessInitializeOnLoadMethodAttributes (3ms)
				AfterProcessingInitializeOnLoad (6ms)
				EditorAssembliesLoaded (0ms)
			ExecutionOrderSort2 (0ms)
			AwakeInstancesAfterBackupRestoration (6ms)
Platform modules already initialized, skipping
Refreshing native plugins compatible for Editor in 0.41 ms, found 2 plugins.
Preloading 0 native plugins for Editor in 0.00 ms.
Unloading 1839 Unused Serialized files (Serialized files now loaded: 0)
System memory in use before: 98.6 MB.
System memory in use after: 98.4 MB.

Unloading 12 unused Assets to reduce memory usage. Loaded Objects now: 2394.
Total: 2.694900 ms (FindLiveObjects: 0.175600 ms CreateObjectMapping: 0.058900 ms MarkObjects: 2.153800 ms  DeleteObjects: 0.305700 ms)

AssetImportParameters requested are different than current active one (requested -> active):
  custom:framework-win-MediaFoundation: 216162199b28c13a410421893ffa2e32 -> 
  custom:video-decoder-ogg-theora: a1e56fd34408186e4bbccfd4996cb3dc -> 
  custom:container-muxer-webm: aa71ff27fc2769a1b78a27578f13a17b -> 
  custom:container-demuxer-webm: 4f35f7cbe854078d1ac9338744f61a02 -> 
  custom:container-demuxer-ogg: 62fdf1f143b41e24485cea50d1cbac27 -> 
  custom:video-encoder-webm-vp8: eb34c28f22e8b96e1ab97ce403110664 -> 
  custom:video-codec-MediaFoundation-h265: 746d11721c4dcdbdad8f713fa42b33f4 -> 
  custom:video-decoder-webm-vp8: 9c59270c3fd7afecdb556c50c9e8de78 -> 
  custom:audio-decoder-ogg-vorbis: bf7c407c2cedff20999df2af8eb42d56 -> 
  custom:audio-encoder-webm-vorbis: bf7c407c2cedff20999df2af8eb42d56 -> 
========================================================================
Received Import Request.
  Time since last request: 471.984161 seconds.
  path: Assets/Rooster/Models/run.anim
  artifactKey: Guid(10cc6cce9dd5e5e45b2bac7fdde386b0) Importer(815301076,1909f56bfc062723c751e8b465ee728b)
Start importing Assets/Rooster/Models/run.anim using Guid(10cc6cce9dd5e5e45b2bac7fdde386b0) Importer(815301076,1909f56bfc062723c751e8b465ee728b)  -> (artifact id: '35c45a2297415924ca75f27377d8d9a6') in 0.029629 seconds 
  Import took 0.032821 seconds .

========================================================================
Received Prepare
Registering precompiled user dll's ...
Registered in 0.003945 seconds.
Begin MonoManager ReloadAssembly
Native extension for WindowsStandalone target not found
Refreshing native plugins compatible for Editor in 0.43 ms, found 2 plugins.
Preloading 0 native plugins for Editor in 0.00 ms.
Mono: successfully reloaded assembly
- Completed reload, in  0.848 seconds
Domain Reload Profiling:
	ReloadAssembly (849ms)
		BeginReloadAssembly (101ms)
			ExecutionOrderSort (0ms)
			DisableScriptedObjects (4ms)
			BackupInstance (0ms)
			ReleaseScriptingObjects (0ms)
			CreateAndSetChildDomain (28ms)
		EndReloadAssembly (692ms)
			LoadAssemblies (76ms)
			RebuildTransferFunctionScriptingTraits (0ms)
			SetupTypeCache (241ms)
			ReleaseScriptCaches (1ms)
			RebuildScriptCaches (34ms)
			SetupLoadedEditorAssemblies (253ms)
				LogAssemblyErrors (0ms)
				InitializePlatformSupportModulesInManaged (4ms)
				SetLoadedEditorAssemblies (0ms)
				RefreshPlugins (0ms)
				BeforeProcessingInitializeOnLoad (66ms)
				ProcessInitializeOnLoadAttributes (173ms)
				ProcessInitializeOnLoadMethodAttributes (3ms)
				AfterProcessingInitializeOnLoad (6ms)
				EditorAssembliesLoaded (0ms)
			ExecutionOrderSort2 (0ms)
			AwakeInstancesAfterBackupRestoration (6ms)
Platform modules already initialized, skipping
Refreshing native plugins compatible for Editor in 0.42 ms, found 2 plugins.
Preloading 0 native plugins for Editor in 0.00 ms.
Unloading 1839 Unused Serialized files (Serialized files now loaded: 0)
System memory in use before: 98.6 MB.
System memory in use after: 98.4 MB.

Unloading 12 unused Assets to reduce memory usage. Loaded Objects now: 2396.
Total: 2.745700 ms (FindLiveObjects: 0.176200 ms CreateObjectMapping: 0.061400 ms MarkObjects: 2.205200 ms  DeleteObjects: 0.302100 ms)

AssetImportParameters requested are different than current active one (requested -> active):
  custom:framework-win-MediaFoundation: 216162199b28c13a410421893ffa2e32 -> 
  custom:video-decoder-ogg-theora: a1e56fd34408186e4bbccfd4996cb3dc -> 
  custom:container-muxer-webm: aa71ff27fc2769a1b78a27578f13a17b -> 
  custom:container-demuxer-webm: 4f35f7cbe854078d1ac9338744f61a02 -> 
  custom:container-demuxer-ogg: 62fdf1f143b41e24485cea50d1cbac27 -> 
  custom:video-encoder-webm-vp8: eb34c28f22e8b96e1ab97ce403110664 -> 
  custom:video-codec-MediaFoundation-h265: 746d11721c4dcdbdad8f713fa42b33f4 -> 
  custom:video-decoder-webm-vp8: 9c59270c3fd7afecdb556c50c9e8de78 -> 
  custom:audio-decoder-ogg-vorbis: bf7c407c2cedff20999df2af8eb42d56 -> 
  custom:audio-encoder-webm-vorbis: bf7c407c2cedff20999df2af8eb42d56 -> 
========================================================================
Received Prepare
Registering precompiled user dll's ...
Registered in 0.002612 seconds.
Begin MonoManager ReloadAssembly
Native extension for WindowsStandalone target not found
Refreshing native plugins compatible for Editor in 0.43 ms, found 2 plugins.
Preloading 0 native plugins for Editor in 0.00 ms.
Mono: successfully reloaded assembly
- Completed reload, in  0.858 seconds
Domain Reload Profiling:
	ReloadAssembly (859ms)
		BeginReloadAssembly (104ms)
			ExecutionOrderSort (0ms)
			DisableScriptedObjects (4ms)
			BackupInstance (0ms)
			ReleaseScriptingObjects (0ms)
			CreateAndSetChildDomain (27ms)
		EndReloadAssembly (698ms)
			LoadAssemblies (74ms)
			RebuildTransferFunctionScriptingTraits (0ms)
			SetupTypeCache (233ms)
			ReleaseScriptCaches (1ms)
			RebuildScriptCaches (35ms)
			SetupLoadedEditorAssemblies (261ms)
				LogAssemblyErrors (0ms)
				InitializePlatformSupportModulesInManaged (5ms)
				SetLoadedEditorAssemblies (0ms)
				RefreshPlugins (0ms)
				BeforeProcessingInitializeOnLoad (71ms)
				ProcessInitializeOnLoadAttributes (175ms)
				ProcessInitializeOnLoadMethodAttributes (3ms)
				AfterProcessingInitializeOnLoad (6ms)
				EditorAssembliesLoaded (0ms)
			ExecutionOrderSort2 (0ms)
			AwakeInstancesAfterBackupRestoration (6ms)
Platform modules already initialized, skipping
Refreshing native plugins compatible for Editor in 0.42 ms, found 2 plugins.
Preloading 0 native plugins for Editor in 0.00 ms.
Unloading 1839 Unused Serialized files (Serialized files now loaded: 0)
System memory in use before: 98.6 MB.
System memory in use after: 98.4 MB.

Unloading 12 unused Assets to reduce memory usage. Loaded Objects now: 2398.
Total: 2.871000 ms (FindLiveObjects: 0.205800 ms CreateObjectMapping: 0.065000 ms MarkObjects: 2.276300 ms  DeleteObjects: 0.322700 ms)

AssetImportParameters requested are different than current active one (requested -> active):
  custom:framework-win-MediaFoundation: 216162199b28c13a410421893ffa2e32 -> 
  custom:video-decoder-ogg-theora: a1e56fd34408186e4bbccfd4996cb3dc -> 
  custom:container-muxer-webm: aa71ff27fc2769a1b78a27578f13a17b -> 
  custom:container-demuxer-webm: 4f35f7cbe854078d1ac9338744f61a02 -> 
  custom:container-demuxer-ogg: 62fdf1f143b41e24485cea50d1cbac27 -> 
  custom:video-encoder-webm-vp8: eb34c28f22e8b96e1ab97ce403110664 -> 
  custom:video-codec-MediaFoundation-h265: 746d11721c4dcdbdad8f713fa42b33f4 -> 
  custom:video-decoder-webm-vp8: 9c59270c3fd7afecdb556c50c9e8de78 -> 
  custom:audio-decoder-ogg-vorbis: bf7c407c2cedff20999df2af8eb42d56 -> 
  custom:audio-encoder-webm-vorbis: bf7c407c2cedff20999df2af8eb42d56 -> 
========================================================================
Received Import Request.
  Time since last request: 88.245199 seconds.
  path: Assets/Rooster/Models/run.anim
  artifactKey: Guid(10cc6cce9dd5e5e45b2bac7fdde386b0) Importer(815301076,1909f56bfc062723c751e8b465ee728b)
Start importing Assets/Rooster/Models/run.anim using Guid(10cc6cce9dd5e5e45b2bac7fdde386b0) Importer(815301076,1909f56bfc062723c751e8b465ee728b)  -> (artifact id: '94710ccfb1e01e3ee0f3fe9effaa0165') in 0.030290 seconds 
  Import took 0.033376 seconds .

========================================================================
Received Import Request.
  Time since last request: 198.603175 seconds.
  path: Assets/Rooster/Scripts/Enemy.cs
  artifactKey: Guid(5deed0ecb33585243a8baa4243a505b3) Importer(815301076,1909f56bfc062723c751e8b465ee728b)
Start importing Assets/Rooster/Scripts/Enemy.cs using Guid(5deed0ecb33585243a8baa4243a505b3) Importer(815301076,1909f56bfc062723c751e8b465ee728b)  -> (artifact id: 'ab80127d58649925c7abb7424e5be018') in 0.007350 seconds 
  Import took 0.010488 seconds .

========================================================================
Received Prepare
Registering precompiled user dll's ...
Registered in 0.002529 seconds.
Begin MonoManager ReloadAssembly
Native extension for WindowsStandalone target not found
Refreshing native plugins compatible for Editor in 0.41 ms, found 2 plugins.
Preloading 0 native plugins for Editor in 0.00 ms.
Mono: successfully reloaded assembly
- Completed reload, in  0.852 seconds
Domain Reload Profiling:
	ReloadAssembly (852ms)
		BeginReloadAssembly (108ms)
			ExecutionOrderSort (0ms)
			DisableScriptedObjects (4ms)
			BackupInstance (0ms)
			ReleaseScriptingObjects (0ms)
			CreateAndSetChildDomain (27ms)
		EndReloadAssembly (690ms)
			LoadAssemblies (74ms)
			RebuildTransferFunctionScriptingTraits (0ms)
			SetupTypeCache (240ms)
			ReleaseScriptCaches (1ms)
			RebuildScriptCaches (34ms)
			SetupLoadedEditorAssemblies (257ms)
				LogAssemblyErrors (0ms)
				InitializePlatformSupportModulesInManaged (5ms)
				SetLoadedEditorAssemblies (0ms)
				RefreshPlugins (0ms)
				BeforeProcessingInitializeOnLoad (67ms)
				ProcessInitializeOnLoadAttributes (174ms)
				ProcessInitializeOnLoadMethodAttributes (3ms)
				AfterProcessingInitializeOnLoad (6ms)
				EditorAssembliesLoaded (0ms)
			ExecutionOrderSort2 (0ms)
			AwakeInstancesAfterBackupRestoration (6ms)
Platform modules already initialized, skipping
Refreshing native plugins compatible for Editor in 0.42 ms, found 2 plugins.
Preloading 0 native plugins for Editor in 0.00 ms.
Unloading 1839 Unused Serialized files (Serialized files now loaded: 0)
System memory in use before: 98.7 MB.
System memory in use after: 98.5 MB.

Unloading 12 unused Assets to reduce memory usage. Loaded Objects now: 2400.
Total: 2.983400 ms (FindLiveObjects: 0.178000 ms CreateObjectMapping: 0.060700 ms MarkObjects: 2.415600 ms  DeleteObjects: 0.328300 ms)

AssetImportParameters requested are different than current active one (requested -> active):
  custom:framework-win-MediaFoundation: 216162199b28c13a410421893ffa2e32 -> 
  custom:video-decoder-ogg-theora: a1e56fd34408186e4bbccfd4996cb3dc -> 
  custom:container-muxer-webm: aa71ff27fc2769a1b78a27578f13a17b -> 
  custom:container-demuxer-webm: 4f35f7cbe854078d1ac9338744f61a02 -> 
  custom:container-demuxer-ogg: 62fdf1f143b41e24485cea50d1cbac27 -> 
  custom:video-encoder-webm-vp8: eb34c28f22e8b96e1ab97ce403110664 -> 
  custom:video-codec-MediaFoundation-h265: 746d11721c4dcdbdad8f713fa42b33f4 -> 
  custom:video-decoder-webm-vp8: 9c59270c3fd7afecdb556c50c9e8de78 -> 
  custom:audio-decoder-ogg-vorbis: bf7c407c2cedff20999df2af8eb42d56 -> 
  custom:audio-encoder-webm-vorbis: bf7c407c2cedff20999df2af8eb42d56 -> 
========================================================================
Received Import Request.
  Time since last request: 52.032148 seconds.
  path: Assets/Rooster/Scripts/Enemy.cs
  artifactKey: Guid(5deed0ecb33585243a8baa4243a505b3) Importer(815301076,1909f56bfc062723c751e8b465ee728b)
Start importing Assets/Rooster/Scripts/Enemy.cs using Guid(5deed0ecb33585243a8baa4243a505b3) Importer(815301076,1909f56bfc062723c751e8b465ee728b)  -> (artifact id: 'ce79c3be38b774b0d1e0e07d7a2bc99d') in 0.004093 seconds 
  Import took 0.006649 seconds .

========================================================================
Received Prepare
Registering precompiled user dll's ...
Registered in 0.002389 seconds.
Begin MonoManager ReloadAssembly
Native extension for WindowsStandalone target not found
Refreshing native plugins compatible for Editor in 0.41 ms, found 2 plugins.
Preloading 0 native plugins for Editor in 0.00 ms.
Mono: successfully reloaded assembly
- Completed reload, in  0.869 seconds
Domain Reload Profiling:
	ReloadAssembly (870ms)
		BeginReloadAssembly (109ms)
			ExecutionOrderSort (0ms)
			DisableScriptedObjects (4ms)
			BackupInstance (0ms)
			ReleaseScriptingObjects (0ms)
			CreateAndSetChildDomain (27ms)
		EndReloadAssembly (703ms)
			LoadAssemblies (80ms)
			RebuildTransferFunctionScriptingTraits (0ms)
			SetupTypeCache (242ms)
			ReleaseScriptCaches (1ms)
			RebuildScriptCaches (35ms)
			SetupLoadedEditorAssemblies (254ms)
				LogAssemblyErrors (0ms)
				InitializePlatformSupportModulesInManaged (4ms)
				SetLoadedEditorAssemblies (0ms)
				RefreshPlugins (0ms)
				BeforeProcessingInitializeOnLoad (67ms)
				ProcessInitializeOnLoadAttributes (173ms)
				ProcessInitializeOnLoadMethodAttributes (3ms)
				AfterProcessingInitializeOnLoad (6ms)
				EditorAssembliesLoaded (0ms)
			ExecutionOrderSort2 (0ms)
			AwakeInstancesAfterBackupRestoration (6ms)
Platform modules already initialized, skipping
Refreshing native plugins compatible for Editor in 0.42 ms, found 2 plugins.
Preloading 0 native plugins for Editor in 0.00 ms.
Unloading 1839 Unused Serialized files (Serialized files now loaded: 0)
System memory in use before: 98.7 MB.
System memory in use after: 98.5 MB.

Unloading 12 unused Assets to reduce memory usage. Loaded Objects now: 2402.
Total: 2.844400 ms (FindLiveObjects: 0.178800 ms CreateObjectMapping: 0.059900 ms MarkObjects: 2.270600 ms  DeleteObjects: 0.334400 ms)

AssetImportParameters requested are different than current active one (requested -> active):
  custom:framework-win-MediaFoundation: 216162199b28c13a410421893ffa2e32 -> 
  custom:video-decoder-ogg-theora: a1e56fd34408186e4bbccfd4996cb3dc -> 
  custom:container-muxer-webm: aa71ff27fc2769a1b78a27578f13a17b -> 
  custom:container-demuxer-webm: 4f35f7cbe854078d1ac9338744f61a02 -> 
  custom:container-demuxer-ogg: 62fdf1f143b41e24485cea50d1cbac27 -> 
  custom:video-encoder-webm-vp8: eb34c28f22e8b96e1ab97ce403110664 -> 
  custom:video-codec-MediaFoundation-h265: 746d11721c4dcdbdad8f713fa42b33f4 -> 
  custom:video-decoder-webm-vp8: 9c59270c3fd7afecdb556c50c9e8de78 -> 
  custom:audio-decoder-ogg-vorbis: bf7c407c2cedff20999df2af8eb42d56 -> 
  custom:audio-encoder-webm-vorbis: bf7c407c2cedff20999df2af8eb42d56 -> 
========================================================================
Received Prepare
Registering precompiled user dll's ...
Registered in 0.002377 seconds.
Begin MonoManager ReloadAssembly
Native extension for WindowsStandalone target not found
Refreshing native plugins compatible for Editor in 0.41 ms, found 2 plugins.
Preloading 0 native plugins for Editor in 0.00 ms.
Mono: successfully reloaded assembly
- Completed reload, in  0.828 seconds
Domain Reload Profiling:
	ReloadAssembly (828ms)
		BeginReloadAssembly (95ms)
			ExecutionOrderSort (0ms)
			DisableScriptedObjects (4ms)
			BackupInstance (0ms)
			ReleaseScriptingObjects (0ms)
			CreateAndSetChildDomain (26ms)
		EndReloadAssembly (677ms)
			LoadAssemblies (75ms)
			RebuildTransferFunctionScriptingTraits (0ms)
			SetupTypeCache (233ms)
			ReleaseScriptCaches (1ms)
			RebuildScriptCaches (34ms)
			SetupLoadedEditorAssemblies (251ms)
				LogAssemblyErrors (0ms)
				InitializePlatformSupportModulesInManaged (4ms)
				SetLoadedEditorAssemblies (0ms)
				RefreshPlugins (0ms)
				BeforeProcessingInitializeOnLoad (66ms)
				ProcessInitializeOnLoadAttributes (171ms)
				ProcessInitializeOnLoadMethodAttributes (3ms)
				AfterProcessingInitializeOnLoad (5ms)
				EditorAssembliesLoaded (0ms)
			ExecutionOrderSort2 (0ms)
			AwakeInstancesAfterBackupRestoration (6ms)
Platform modules already initialized, skipping
Refreshing native plugins compatible for Editor in 0.41 ms, found 2 plugins.
Preloading 0 native plugins for Editor in 0.00 ms.
Unloading 1839 Unused Serialized files (Serialized files now loaded: 0)
System memory in use before: 98.7 MB.
System memory in use after: 98.5 MB.

Unloading 12 unused Assets to reduce memory usage. Loaded Objects now: 2404.
Total: 2.728800 ms (FindLiveObjects: 0.170200 ms CreateObjectMapping: 0.066200 ms MarkObjects: 2.152600 ms  DeleteObjects: 0.339100 ms)

AssetImportParameters requested are different than current active one (requested -> active):
  custom:framework-win-MediaFoundation: 216162199b28c13a410421893ffa2e32 -> 
  custom:video-decoder-ogg-theora: a1e56fd34408186e4bbccfd4996cb3dc -> 
  custom:container-muxer-webm: aa71ff27fc2769a1b78a27578f13a17b -> 
  custom:container-demuxer-webm: 4f35f7cbe854078d1ac9338744f61a02 -> 
  custom:container-demuxer-ogg: 62fdf1f143b41e24485cea50d1cbac27 -> 
  custom:video-encoder-webm-vp8: eb34c28f22e8b96e1ab97ce403110664 -> 
  custom:video-codec-MediaFoundation-h265: 746d11721c4dcdbdad8f713fa42b33f4 -> 
  custom:video-decoder-webm-vp8: 9c59270c3fd7afecdb556c50c9e8de78 -> 
  custom:audio-decoder-ogg-vorbis: bf7c407c2cedff20999df2af8eb42d56 -> 
  custom:audio-encoder-webm-vorbis: bf7c407c2cedff20999df2af8eb42d56 -> 
========================================================================
Received Import Request.
  Time since last request: 159.710821 seconds.
  path: Assets/SampleScenes/AudioMixers/Car.mixer
  artifactKey: Guid(cc0bf72c5763743468b1ee3d764d3d04) Importer(815301076,1909f56bfc062723c751e8b465ee728b)
Start importing Assets/SampleScenes/AudioMixers/Car.mixer using Guid(cc0bf72c5763743468b1ee3d764d3d04) Importer(815301076,1909f56bfc062723c751e8b465ee728b)  -> (artifact id: '8fe3fc03b2161e8a096ea4d0ab6df79f') in 0.037437 seconds 
  Import took 0.040470 seconds .

========================================================================
Received Import Request.
  Time since last request: 0.000248 seconds.
  path: Assets/SampleScenes/AudioMixers/PropellerPlane.mixer
  artifactKey: Guid(f166ed551f18240f99a161783914f623) Importer(815301076,1909f56bfc062723c751e8b465ee728b)
Start importing Assets/SampleScenes/AudioMixers/PropellerPlane.mixer using Guid(f166ed551f18240f99a161783914f623) Importer(815301076,1909f56bfc062723c751e8b465ee728b)  -> (artifact id: '41df8f27dd9df93453607c2ca34ec72d') in 0.009858 seconds 
  Import took 0.012268 seconds .

========================================================================
Received Import Request.
  Time since last request: 0.000172 seconds.
  path: Assets/SampleScenes/AudioMixers/JetPlane.mixer
  artifactKey: Guid(e21d59315859b4f288500f0a7167ebe7) Importer(815301076,1909f56bfc062723c751e8b465ee728b)
Start importing Assets/SampleScenes/AudioMixers/JetPlane.mixer using Guid(e21d59315859b4f288500f0a7167ebe7) Importer(815301076,1909f56bfc062723c751e8b465ee728b)  -> (artifact id: '2e8e7a899972758a0fb0a34aeb84b287') in 0.011285 seconds 
  Import took 0.014089 seconds .

========================================================================
Received Import Request.
  Time since last request: 45.010133 seconds.
  path: Assets/Standard Assets/Environment/Water/Water4/Materials/OceanPlaneMaterial.mat
  artifactKey: Guid(a437a9b380909fa4d98f929428f70388) Importer(815301076,1909f56bfc062723c751e8b465ee728b)
Start importing Assets/Standard Assets/Environment/Water/Water4/Materials/OceanPlaneMaterial.mat using Guid(a437a9b380909fa4d98f929428f70388) Importer(815301076,1909f56bfc062723c751e8b465ee728b)  -> (artifact id: '07021398152feb0a4d23ca588ba61435') in 0.044229 seconds 
  Import took 0.047142 seconds .

========================================================================
Received Import Request.
  Time since last request: 0.000151 seconds.
  path: Assets/Materials/parede-branca.mat
  artifactKey: Guid(5f0c4ecddada88246a3e7e29c7201a8d) Importer(815301076,1909f56bfc062723c751e8b465ee728b)
Start importing Assets/Materials/parede-branca.mat using Guid(5f0c4ecddada88246a3e7e29c7201a8d) Importer(815301076,1909f56bfc062723c751e8b465ee728b)  -> (artifact id: '2eea257adcf08595f2da0518e990b60a') in 0.025552 seconds 
  Import took 0.028462 seconds .

========================================================================
Received Import Request.
  Time since last request: 0.001580 seconds.
  path: Assets/Materials/parede-branca.mat
  artifactKey: Guid(5f0c4ecddada88246a3e7e29c7201a8d) Importer(815301076,1909f56bfc062723c751e8b465ee728b)
Start importing Assets/Materials/parede-branca.mat using Guid(5f0c4ecddada88246a3e7e29c7201a8d) Importer(815301076,1909f56bfc062723c751e8b465ee728b)  -> (artifact id: '2eea257adcf08595f2da0518e990b60a') in 0.011192 seconds 
  Import took 0.013965 seconds .

